<?xml version="1.0" encoding="UTF-8"?>
<testsuite name="com.jrj.m.dao.news.MongoTest" tests="1" skipped="0" failures="0" errors="0" timestamp="2015-01-24T01:26:29" hostname="weibo-qin" time="0.062">
  <properties/>
  <testcase name="findByQuery" classname="com.jrj.m.dao.news.MongoTest" time="0.062"/>
  <system-out><![CDATA[[News [iiid=1, title=小三撞上黑天鹅，在A股混迟早是要还的！, intro=1]]
]]></system-out>
  <system-err><![CDATA[SLF4J: Failed to load class "org.slf4j.impl.StaticLoggerBinder".
SLF4J: Defaulting to no-operation (NOP) logger implementation
SLF4J: See http://www.slf4j.org/codes.html#StaticLoggerBinder for further details.
]]></system-err>
</testsuite>
