<?xml version="1.0" encoding="UTF-8"?>
<testsuite name="com.jrj.m.service.news.NewsServiceTest" tests="1" skipped="0" failures="0" errors="0" timestamp="2015-01-24T01:26:30" hostname="weibo-qin" time="0.0">
  <properties/>
  <testcase name="getNewsTest" classname="com.jrj.m.service.news.NewsServiceTest" time="0.0"/>
  <system-out><![CDATA[]]></system-out>
  <system-err><![CDATA[]]></system-err>
</testsuite>
