<?xml version="1.0" encoding="UTF-8"?>
<testsuite name="com.jrj.m.service.news.NewsServiceTest" tests="1" skipped="0" failures="0" errors="0" timestamp="2015-01-24T15:35:40" hostname="weibo-dell-book" time="0.0010">
  <properties/>
  <testcase name="getNewsTest" classname="com.jrj.m.service.news.NewsServiceTest" time="0.0010"/>
  <system-out><![CDATA[]]></system-out>
  <system-err><![CDATA[]]></system-err>
</testsuite>
