<?xml version="1.0" encoding="UTF-8"?>
<testsuite name="com.jrj.m.dao.news.NewsDAOTest" tests="1" skipped="0" failures="0" errors="0" timestamp="2015-01-24T01:26:30" hostname="weibo-qin" time="0.468">
  <properties/>
  <testcase name="getNewsTest" classname="com.jrj.m.dao.news.NewsDAOTest" time="0.468"/>
  <system-out><![CDATA[[News [iiid=13, title=jrj_newss, intro=jrj_news]]]]></system-out>
  <system-err><![CDATA[]]></system-err>
</testsuite>
